[2026-04-28 06:45:45] finetune_phased.py(530) : ==[FINETUNE-PHASED]== ablation=bias_only B=400 -> phases=(60,200,140)
[2026-04-28 06:45:45] finetune_phased.py(532) : Resume checkpoint: /home/zhaorj/Code/SDM-5031-2026-Spring/TSP/POMO/result/saved_tsp100_model2_longTrain/checkpoint-3000.pt
[2026-04-28 06:45:45] finetune_phased.py(533) : HParams: bias=True knn_k=30 knn_v=1.000 scale=1.000 norm=mean
[2026-04-28 06:45:45] finetune_phased.py(536) : HParams: msc=False leader=False leader_mode=bonus_adv alpha=20.00->40.00 rampup=0.20
[2026-04-28 06:45:45] finetune_phased.py(539) : HParams: backbone_lr=1.00e-05 new_module_lr=3.00e-05 (info-only) phase3_lr=5.00e-05 -> 5.00e-06
/opt/conda/envs/drl_tsp/lib/python3.10/site-packages/torch/__init__.py:1323: UserWarning: torch.set_default_tensor_type() is deprecated as of PyTorch 2.1, please use torch.set_default_dtype() and torch.set_default_device() as alternatives. (Triggered internally at /pytorch/torch/csrc/tensor/python_tensor.cpp:434.)
  _C._set_default_tensor_type(t)
[2026-04-28 06:45:47] TSPTrainer.py(73) : Finetune from checkpoint: /home/zhaorj/Code/SDM-5031-2026-Spring/TSP/POMO/result/saved_tsp100_model2_longTrain/checkpoint-3000.pt
[2026-04-28 06:45:47] TSPTrainer.py(86) : finetune_continue_epoch_counter=True: start_epoch=3001
[2026-04-28 06:45:47] TSPTrainer.py(118) : MSC enabled: use_curriculum=True stage_boundaries=[0.3, 0.7]
[2026-04-28 06:45:47] TSPTrainer.py(268) : ==[PHASE 1_bias]== msc_enabled=False msc_fixed_ratios={'uniform': 0.6, 'clustered_uniform': 0.3, 'gaussian_mixture': 0.1} bias={'distance_bias_enabled': True, 'distance_bias_scale': 1.0, 'distance_bias_mode': 'logit', 'distance_norm_mode': 'mean', 'knn_bias_enabled': True, 'knn_k': 30, 'knn_bias_value': 1.0} leader=None lr=[1e-05] grad_clip=1.0
[2026-04-28 06:45:47] TSPTrainer.py(292) : [PHASE 1_bias] running epochs 3001..3060 (count=60)
[2026-04-28 06:45:47] TSPTrainer.py(306) : =================================================================
/home/zhaorj/Code/SDM-5031-2026-Spring/TSP/POMO/TSPTrainer.py:308: UserWarning: Detected call of `lr_scheduler.step()` before `optimizer.step()`. In PyTorch 1.1.0 and later, you should call them in the opposite order: `optimizer.step()` before `lr_scheduler.step()`.  Failure to do this will result in PyTorch skipping the first value of the learning rate schedule. See more details at https://pytorch.org/docs/stable/optim.html#how-to-adjust-learning-rate
  self.scheduler.step()
[2026-04-28 06:45:47] finetune_phased.py(391) : [PHASE 1_bias] bias warmup epoch 1/60 -> scale=0.0167 knn_v=0.0167
[2026-04-28 06:45:48] TSPTrainer.py(392) : Epoch 3001: Train  64/100000(0.1%)  Score: 7.8470,  Loss: -0.0430
[2026-04-28 06:45:49] TSPTrainer.py(392) : Epoch 3001: Train 128/100000(0.1%)  Score: 7.7944,  Loss: -0.0507
[2026-04-28 06:45:49] TSPTrainer.py(392) : Epoch 3001: Train 192/100000(0.2%)  Score: 7.7916,  Loss: -0.0524
[2026-04-28 06:45:50] TSPTrainer.py(392) : Epoch 3001: Train 256/100000(0.3%)  Score: 7.7999,  Loss: -0.0573
[2026-04-28 06:45:50] TSPTrainer.py(392) : Epoch 3001: Train 320/100000(0.3%)  Score: 7.8026,  Loss: -0.0565
[2026-04-28 06:45:51] TSPTrainer.py(392) : Epoch 3001: Train 384/100000(0.4%)  Score: 7.7953,  Loss: -0.0555
[2026-04-28 06:45:51] TSPTrainer.py(392) : Epoch 3001: Train 448/100000(0.4%)  Score: 7.8001,  Loss: -0.0540
[2026-04-28 06:45:52] TSPTrainer.py(392) : Epoch 3001: Train 512/100000(0.5%)  Score: 7.8016,  Loss: -0.0529
[2026-04-28 06:45:52] TSPTrainer.py(392) : Epoch 3001: Train 576/100000(0.6%)  Score: 7.8041,  Loss: -0.0528
[2026-04-28 06:45:53] TSPTrainer.py(392) : Epoch 3001: Train 640/100000(0.6%)  Score: 7.8050,  Loss: -0.0516
[2026-04-28 06:57:56] TSPTrainer.py(397) : Epoch 3001: Train (100%)  Score: 7.7935,  Loss: -0.0470
[2026-04-28 06:57:56] TSPTrainer.py(321) : [PHASE 1_bias] Epoch 3001 (in-phase 1/60) score=7.7935 loss=-0.0470 Elapsed[12.14m] Remain[-0.24m]
[2026-04-28 06:57:56] TSPTrainer.py(306) : =================================================================
[2026-04-28 07:09:40] TSPTrainer.py(397) : Epoch 3002: Train (100%)  Score: 7.7926,  Loss: -0.0447
[2026-04-28 07:09:40] TSPTrainer.py(321) : [PHASE 1_bias] Epoch 3002 (in-phase 2/60) score=7.7926 loss=-0.0447 Elapsed[23.88m] Remain[-0.46m]
[2026-04-28 07:09:40] TSPTrainer.py(306) : =================================================================
[2026-04-28 07:21:18] TSPTrainer.py(397) : Epoch 3003: Train (100%)  Score: 7.7924,  Loss: -0.0442
[2026-04-28 07:21:18] TSPTrainer.py(321) : [PHASE 1_bias] Epoch 3003 (in-phase 3/60) score=7.7924 loss=-0.0442 Elapsed[35.51m] Remain[-0.68m]
[2026-04-28 07:21:18] TSPTrainer.py(306) : =================================================================
[2026-04-28 07:33:03] TSPTrainer.py(397) : Epoch 3004: Train (100%)  Score: 7.7913,  Loss: -0.0437
[2026-04-28 07:33:03] TSPTrainer.py(321) : [PHASE 1_bias] Epoch 3004 (in-phase 4/60) score=7.7913 loss=-0.0437 Elapsed[47.26m] Remain[-0.88m]
[2026-04-28 07:33:03] TSPTrainer.py(306) : =================================================================
[2026-04-28 07:44:46] TSPTrainer.py(397) : Epoch 3005: Train (100%)  Score: 7.7906,  Loss: -0.0433
[2026-04-28 07:44:46] TSPTrainer.py(321) : [PHASE 1_bias] Epoch 3005 (in-phase 5/60) score=7.7906 loss=-0.0433 Elapsed[58.98m] Remain[-1.08m]
[2026-04-28 07:44:46] TSPTrainer.py(306) : =================================================================
[2026-04-28 07:56:33] TSPTrainer.py(397) : Epoch 3006: Train (100%)  Score: 7.7912,  Loss: -0.0428
[2026-04-28 07:56:33] TSPTrainer.py(321) : [PHASE 1_bias] Epoch 3006 (in-phase 6/60) score=7.7912 loss=-0.0428 Elapsed[1.18h] Remain[-1.28m]
[2026-04-28 07:56:33] TSPTrainer.py(306) : =================================================================
[2026-04-28 08:08:15] TSPTrainer.py(397) : Epoch 3007: Train (100%)  Score: 7.7914,  Loss: -0.0428
[2026-04-28 08:08:15] TSPTrainer.py(321) : [PHASE 1_bias] Epoch 3007 (in-phase 7/60) score=7.7914 loss=-0.0428 Elapsed[1.37h] Remain[-1.46m]
[2026-04-28 08:08:15] TSPTrainer.py(306) : =================================================================
[2026-04-28 08:19:55] TSPTrainer.py(397) : Epoch 3008: Train (100%)  Score: 7.7914,  Loss: -0.0427
[2026-04-28 08:19:55] TSPTrainer.py(321) : [PHASE 1_bias] Epoch 3008 (in-phase 8/60) score=7.7914 loss=-0.0427 Elapsed[1.57h] Remain[-1.64m]
[2026-04-28 08:19:55] TSPTrainer.py(306) : =================================================================
[2026-04-28 08:33:23] TSPTrainer.py(397) : Epoch 3009: Train (100%)  Score: 7.7917,  Loss: -0.0418
[2026-04-28 08:33:23] TSPTrainer.py(321) : [PHASE 1_bias] Epoch 3009 (in-phase 9/60) score=7.7917 loss=-0.0418 Elapsed[1.79h] Remain[-1.83m]
[2026-04-28 08:33:23] TSPTrainer.py(306) : =================================================================
[2026-04-28 08:53:25] TSPTrainer.py(397) : Epoch 3010: Train (100%)  Score: 7.7906,  Loss: -0.0419
[2026-04-28 08:53:25] TSPTrainer.py(321) : [PHASE 1_bias] Epoch 3010 (in-phase 10/60) score=7.7906 loss=-0.0419 Elapsed[2.13h] Remain[-2.13m]
[2026-04-28 08:53:25] TSPTrainer.py(306) : =================================================================
[2026-04-28 09:05:08] TSPTrainer.py(397) : Epoch 3011: Train (100%)  Score: 7.7895,  Loss: -0.0418
[2026-04-28 09:05:08] TSPTrainer.py(321) : [PHASE 1_bias] Epoch 3011 (in-phase 11/60) score=7.7895 loss=-0.0418 Elapsed[2.32h] Remain[-2.28m]
[2026-04-28 09:05:09] TSPTrainer.py(306) : =================================================================
[2026-04-28 09:19:40] TSPTrainer.py(397) : Epoch 3012: Train (100%)  Score: 7.7893,  Loss: -0.0416
[2026-04-28 09:19:40] TSPTrainer.py(321) : [PHASE 1_bias] Epoch 3012 (in-phase 12/60) score=7.7893 loss=-0.0416 Elapsed[2.56h] Remain[-2.47m]
[2026-04-28 09:19:40] TSPTrainer.py(306) : =================================================================
[2026-04-28 09:31:24] TSPTrainer.py(397) : Epoch 3013: Train (100%)  Score: 7.7902,  Loss: -0.0411
[2026-04-28 09:31:24] TSPTrainer.py(321) : [PHASE 1_bias] Epoch 3013 (in-phase 13/60) score=7.7902 loss=-0.0411 Elapsed[2.76h] Remain[-2.61m]
[2026-04-28 09:31:24] TSPTrainer.py(306) : =================================================================
[2026-04-28 09:43:11] TSPTrainer.py(397) : Epoch 3014: Train (100%)  Score: 7.7900,  Loss: -0.0408
[2026-04-28 09:43:11] TSPTrainer.py(321) : [PHASE 1_bias] Epoch 3014 (in-phase 14/60) score=7.7900 loss=-0.0408 Elapsed[2.96h] Remain[-2.73m]
[2026-04-28 09:43:11] TSPTrainer.py(306) : =================================================================
[2026-04-28 09:54:53] TSPTrainer.py(397) : Epoch 3015: Train (100%)  Score: 7.7895,  Loss: -0.0407
[2026-04-28 09:54:53] TSPTrainer.py(321) : [PHASE 1_bias] Epoch 3015 (in-phase 15/60) score=7.7895 loss=-0.0407 Elapsed[3.15h] Remain[-2.85m]
[2026-04-28 09:54:53] TSPTrainer.py(306) : =================================================================
[2026-04-28 10:06:30] TSPTrainer.py(397) : Epoch 3016: Train (100%)  Score: 7.7909,  Loss: -0.0402
[2026-04-28 10:06:30] TSPTrainer.py(321) : [PHASE 1_bias] Epoch 3016 (in-phase 16/60) score=7.7909 loss=-0.0402 Elapsed[3.35h] Remain[-2.96m]
[2026-04-28 10:06:30] TSPTrainer.py(306) : =================================================================
[2026-04-28 10:18:06] TSPTrainer.py(397) : Epoch 3017: Train (100%)  Score: 7.7894,  Loss: -0.0405
[2026-04-28 10:18:06] TSPTrainer.py(321) : [PHASE 1_bias] Epoch 3017 (in-phase 17/60) score=7.7894 loss=-0.0405 Elapsed[3.54h] Remain[-3.06m]
[2026-04-28 10:18:06] TSPTrainer.py(306) : =================================================================
[2026-04-28 10:29:48] TSPTrainer.py(397) : Epoch 3018: Train (100%)  Score: 7.7899,  Loss: -0.0397
[2026-04-28 10:29:48] TSPTrainer.py(321) : [PHASE 1_bias] Epoch 3018 (in-phase 18/60) score=7.7899 loss=-0.0397 Elapsed[3.73h] Remain[-3.16m]
[2026-04-28 10:29:48] TSPTrainer.py(306) : =================================================================
[2026-04-28 10:41:30] TSPTrainer.py(397) : Epoch 3019: Train (100%)  Score: 7.7893,  Loss: -0.0395
[2026-04-28 10:41:30] TSPTrainer.py(321) : [PHASE 1_bias] Epoch 3019 (in-phase 19/60) score=7.7893 loss=-0.0395 Elapsed[3.93h] Remain[-3.24m]
[2026-04-28 10:41:30] TSPTrainer.py(306) : =================================================================
[2026-04-28 10:53:05] TSPTrainer.py(397) : Epoch 3020: Train (100%)  Score: 7.7904,  Loss: -0.0398
[2026-04-28 10:53:05] TSPTrainer.py(321) : [PHASE 1_bias] Epoch 3020 (in-phase 20/60) score=7.7904 loss=-0.0398 Elapsed[4.12h] Remain[-3.32m]
[2026-04-28 10:53:05] TSPTrainer.py(306) : =================================================================
[2026-04-28 11:04:56] TSPTrainer.py(397) : Epoch 3021: Train (100%)  Score: 7.7901,  Loss: -0.0397
[2026-04-28 11:04:56] TSPTrainer.py(321) : [PHASE 1_bias] Epoch 3021 (in-phase 21/60) score=7.7901 loss=-0.0397 Elapsed[4.32h] Remain[-3.39m]
[2026-04-28 11:04:56] TSPTrainer.py(306) : =================================================================
[2026-04-28 11:18:32] TSPTrainer.py(397) : Epoch 3022: Train (100%)  Score: 7.7907,  Loss: -0.0390
[2026-04-28 11:18:32] TSPTrainer.py(321) : [PHASE 1_bias] Epoch 3022 (in-phase 22/60) score=7.7907 loss=-0.0390 Elapsed[4.55h] Remain[-3.48m]
[2026-04-28 11:18:32] TSPTrainer.py(306) : =================================================================
[2026-04-28 11:32:46] TSPTrainer.py(397) : Epoch 3023: Train (100%)  Score: 7.7896,  Loss: -0.0393
[2026-04-28 11:32:46] TSPTrainer.py(321) : [PHASE 1_bias] Epoch 3023 (in-phase 23/60) score=7.7896 loss=-0.0393 Elapsed[4.78h] Remain[-3.57m]
[2026-04-28 11:32:46] TSPTrainer.py(306) : =================================================================
[2026-04-28 11:47:21] TSPTrainer.py(397) : Epoch 3024: Train (100%)  Score: 7.7901,  Loss: -0.0392
[2026-04-28 11:47:21] TSPTrainer.py(321) : [PHASE 1_bias] Epoch 3024 (in-phase 24/60) score=7.7901 loss=-0.0392 Elapsed[5.03h] Remain[-3.65m]
[2026-04-28 11:47:21] TSPTrainer.py(306) : =================================================================
[2026-04-28 12:02:08] TSPTrainer.py(397) : Epoch 3025: Train (100%)  Score: 7.7896,  Loss: -0.0389
[2026-04-28 12:02:08] TSPTrainer.py(321) : [PHASE 1_bias] Epoch 3025 (in-phase 25/60) score=7.7896 loss=-0.0389 Elapsed[5.27h] Remain[-3.72m]
[2026-04-28 12:02:08] TSPTrainer.py(306) : =================================================================
[2026-04-28 12:17:01] TSPTrainer.py(397) : Epoch 3026: Train (100%)  Score: 7.7909,  Loss: -0.0387
[2026-04-28 12:17:01] TSPTrainer.py(321) : [PHASE 1_bias] Epoch 3026 (in-phase 26/60) score=7.7909 loss=-0.0387 Elapsed[5.52h] Remain[-3.79m]
[2026-04-28 12:17:01] TSPTrainer.py(306) : =================================================================
[2026-04-28 12:31:53] TSPTrainer.py(397) : Epoch 3027: Train (100%)  Score: 7.7903,  Loss: -0.0383
[2026-04-28 12:31:53] TSPTrainer.py(321) : [PHASE 1_bias] Epoch 3027 (in-phase 27/60) score=7.7903 loss=-0.0383 Elapsed[5.77h] Remain[-3.84m]
[2026-04-28 12:31:53] TSPTrainer.py(306) : =================================================================
[2026-04-28 12:46:23] TSPTrainer.py(397) : Epoch 3028: Train (100%)  Score: 7.7901,  Loss: -0.0379
[2026-04-28 12:46:23] TSPTrainer.py(321) : [PHASE 1_bias] Epoch 3028 (in-phase 28/60) score=7.7901 loss=-0.0379 Elapsed[6.01h] Remain[-3.88m]
[2026-04-28 12:46:23] TSPTrainer.py(306) : =================================================================
[2026-04-28 13:07:13] TSPTrainer.py(397) : Epoch 3029: Train (100%)  Score: 7.7900,  Loss: -0.0382
[2026-04-28 13:07:13] TSPTrainer.py(321) : [PHASE 1_bias] Epoch 3029 (in-phase 29/60) score=7.7900 loss=-0.0382 Elapsed[6.36h] Remain[-3.98m]
[2026-04-28 13:07:13] TSPTrainer.py(306) : =================================================================
[2026-04-28 13:30:35] TSPTrainer.py(397) : Epoch 3030: Train (100%)  Score: 7.7891,  Loss: -0.0380
[2026-04-28 13:30:35] TSPTrainer.py(321) : [PHASE 1_bias] Epoch 3030 (in-phase 30/60) score=7.7891 loss=-0.0380 Elapsed[6.75h] Remain[-4.09m]
[2026-04-28 13:30:35] TSPTrainer.py(306) : =================================================================
[2026-04-28 13:54:34] TSPTrainer.py(397) : Epoch 3031: Train (100%)  Score: 7.7901,  Loss: -0.0380
[2026-04-28 13:54:34] TSPTrainer.py(321) : [PHASE 1_bias] Epoch 3031 (in-phase 31/60) score=7.7901 loss=-0.0380 Elapsed[7.15h] Remain[-4.19m]
[2026-04-28 13:54:34] TSPTrainer.py(306) : =================================================================
[2026-04-28 14:17:08] TSPTrainer.py(397) : Epoch 3032: Train (100%)  Score: 7.7884,  Loss: -0.0375
[2026-04-28 14:17:08] TSPTrainer.py(321) : [PHASE 1_bias] Epoch 3032 (in-phase 32/60) score=7.7884 loss=-0.0375 Elapsed[7.52h] Remain[-4.26m]
[2026-04-28 14:17:08] TSPTrainer.py(306) : =================================================================
[2026-04-28 14:41:03] TSPTrainer.py(397) : Epoch 3033: Train (100%)  Score: 7.7898,  Loss: -0.0373
[2026-04-28 14:41:03] TSPTrainer.py(321) : [PHASE 1_bias] Epoch 3033 (in-phase 33/60) score=7.7898 loss=-0.0373 Elapsed[7.92h] Remain[-4.32m]
[2026-04-28 14:41:03] TSPTrainer.py(306) : =================================================================
[2026-04-28 15:03:08] TSPTrainer.py(397) : Epoch 3034: Train (100%)  Score: 7.7894,  Loss: -0.0374
[2026-04-28 15:03:08] TSPTrainer.py(321) : [PHASE 1_bias] Epoch 3034 (in-phase 34/60) score=7.7894 loss=-0.0374 Elapsed[8.29h] Remain[-4.36m]
[2026-04-28 15:03:08] TSPTrainer.py(306) : =================================================================
[2026-04-28 15:14:57] TSPTrainer.py(397) : Epoch 3035: Train (100%)  Score: 7.7899,  Loss: -0.0372
[2026-04-28 15:14:57] TSPTrainer.py(321) : [PHASE 1_bias] Epoch 3035 (in-phase 35/60) score=7.7899 loss=-0.0372 Elapsed[8.49h] Remain[-4.29m]
[2026-04-28 15:14:57] TSPTrainer.py(306) : =================================================================
[2026-04-28 15:26:44] TSPTrainer.py(397) : Epoch 3036: Train (100%)  Score: 7.7897,  Loss: -0.0366
[2026-04-28 15:26:44] TSPTrainer.py(321) : [PHASE 1_bias] Epoch 3036 (in-phase 36/60) score=7.7897 loss=-0.0366 Elapsed[8.68h] Remain[-4.22m]
[2026-04-28 15:26:44] TSPTrainer.py(306) : =================================================================
[2026-04-28 15:39:51] TSPTrainer.py(397) : Epoch 3037: Train (100%)  Score: 7.7888,  Loss: -0.0367
[2026-04-28 15:39:51] TSPTrainer.py(321) : [PHASE 1_bias] Epoch 3037 (in-phase 37/60) score=7.7888 loss=-0.0367 Elapsed[8.90h] Remain[-4.15m]
[2026-04-28 15:39:51] TSPTrainer.py(306) : =================================================================
[2026-04-28 16:01:20] TSPTrainer.py(397) : Epoch 3038: Train (100%)  Score: 7.7886,  Loss: -0.0367
[2026-04-28 16:01:20] TSPTrainer.py(321) : [PHASE 1_bias] Epoch 3038 (in-phase 38/60) score=7.7886 loss=-0.0367 Elapsed[9.26h] Remain[-4.13m]
[2026-04-28 16:01:20] TSPTrainer.py(306) : =================================================================
[2026-04-28 16:24:04] TSPTrainer.py(397) : Epoch 3039: Train (100%)  Score: 7.7893,  Loss: -0.0367
[2026-04-28 16:24:04] TSPTrainer.py(321) : [PHASE 1_bias] Epoch 3039 (in-phase 39/60) score=7.7893 loss=-0.0367 Elapsed[9.64h] Remain[-4.10m]
[2026-04-28 16:24:04] TSPTrainer.py(306) : =================================================================
[2026-04-28 16:47:03] TSPTrainer.py(397) : Epoch 3040: Train (100%)  Score: 7.7897,  Loss: -0.0363
[2026-04-28 16:47:03] TSPTrainer.py(321) : [PHASE 1_bias] Epoch 3040 (in-phase 40/60) score=7.7897 loss=-0.0363 Elapsed[10.02h] Remain[-4.06m]
[2026-04-28 16:47:03] TSPTrainer.py(306) : =================================================================
[2026-04-28 17:08:01] TSPTrainer.py(397) : Epoch 3041: Train (100%)  Score: 7.7899,  Loss: -0.0363
[2026-04-28 17:08:01] TSPTrainer.py(321) : [PHASE 1_bias] Epoch 3041 (in-phase 41/60) score=7.7899 loss=-0.0363 Elapsed[10.37h] Remain[-4.00m]
[2026-04-28 17:08:01] TSPTrainer.py(306) : =================================================================
[2026-04-28 17:29:20] TSPTrainer.py(397) : Epoch 3042: Train (100%)  Score: 7.7895,  Loss: -0.0364
[2026-04-28 17:29:20] TSPTrainer.py(321) : [PHASE 1_bias] Epoch 3042 (in-phase 42/60) score=7.7895 loss=-0.0364 Elapsed[10.73h] Remain[-3.92m]
[2026-04-28 17:29:20] TSPTrainer.py(306) : =================================================================
[2026-04-28 17:50:54] TSPTrainer.py(397) : Epoch 3043: Train (100%)  Score: 7.7902,  Loss: -0.0362
[2026-04-28 17:50:54] TSPTrainer.py(321) : [PHASE 1_bias] Epoch 3043 (in-phase 43/60) score=7.7902 loss=-0.0362 Elapsed[11.09h] Remain[-3.82m]
[2026-04-28 17:50:54] TSPTrainer.py(306) : =================================================================
[2026-04-28 18:11:14] TSPTrainer.py(397) : Epoch 3044: Train (100%)  Score: 7.7892,  Loss: -0.0360
[2026-04-28 18:11:14] TSPTrainer.py(321) : [PHASE 1_bias] Epoch 3044 (in-phase 44/60) score=7.7892 loss=-0.0360 Elapsed[11.42h] Remain[-3.71m]
[2026-04-28 18:11:14] TSPTrainer.py(306) : =================================================================
[2026-04-28 18:23:42] TSPTrainer.py(397) : Epoch 3045: Train (100%)  Score: 7.7896,  Loss: -0.0357
[2026-04-28 18:23:42] TSPTrainer.py(321) : [PHASE 1_bias] Epoch 3045 (in-phase 45/60) score=7.7896 loss=-0.0357 Elapsed[11.63h] Remain[-3.54m]
[2026-04-28 18:23:42] TSPTrainer.py(306) : =================================================================
[2026-04-28 18:44:30] TSPTrainer.py(397) : Epoch 3046: Train (100%)  Score: 7.7885,  Loss: -0.0356
[2026-04-28 18:44:30] TSPTrainer.py(321) : [PHASE 1_bias] Epoch 3046 (in-phase 46/60) score=7.7885 loss=-0.0356 Elapsed[11.98h] Remain[-3.41m]
[2026-04-28 18:44:30] TSPTrainer.py(306) : =================================================================
[2026-04-28 19:06:33] TSPTrainer.py(397) : Epoch 3047: Train (100%)  Score: 7.7898,  Loss: -0.0358
[2026-04-28 19:06:33] TSPTrainer.py(321) : [PHASE 1_bias] Epoch 3047 (in-phase 47/60) score=7.7898 loss=-0.0358 Elapsed[12.35h] Remain[-3.26m]
[2026-04-28 19:06:33] TSPTrainer.py(306) : =================================================================
[2026-04-28 19:28:28] TSPTrainer.py(397) : Epoch 3048: Train (100%)  Score: 7.7895,  Loss: -0.0351
[2026-04-28 19:28:28] TSPTrainer.py(321) : [PHASE 1_bias] Epoch 3048 (in-phase 48/60) score=7.7895 loss=-0.0351 Elapsed[12.71h] Remain[-3.10m]
[2026-04-28 19:28:28] TSPTrainer.py(306) : =================================================================
[2026-04-28 19:49:53] TSPTrainer.py(397) : Epoch 3049: Train (100%)  Score: 7.7886,  Loss: -0.0351
[2026-04-28 19:49:53] TSPTrainer.py(321) : [PHASE 1_bias] Epoch 3049 (in-phase 49/60) score=7.7886 loss=-0.0351 Elapsed[13.07h] Remain[-2.92m]
[2026-04-28 19:49:53] TSPTrainer.py(306) : =================================================================
[2026-04-28 20:10:47] TSPTrainer.py(397) : Epoch 3050: Train (100%)  Score: 7.7888,  Loss: -0.0352
[2026-04-28 20:10:47] TSPTrainer.py(321) : [PHASE 1_bias] Epoch 3050 (in-phase 50/60) score=7.7888 loss=-0.0352 Elapsed[13.42h] Remain[-2.73m]
[2026-04-28 20:10:47] TSPTrainer.py(306) : =================================================================
[2026-04-28 20:31:58] TSPTrainer.py(397) : Epoch 3051: Train (100%)  Score: 7.7898,  Loss: -0.0352
[2026-04-28 20:31:58] TSPTrainer.py(321) : [PHASE 1_bias] Epoch 3051 (in-phase 51/60) score=7.7898 loss=-0.0352 Elapsed[13.77h] Remain[-2.52m]
[2026-04-28 20:31:58] TSPTrainer.py(306) : =================================================================
[2026-04-28 20:53:10] TSPTrainer.py(397) : Epoch 3052: Train (100%)  Score: 7.7899,  Loss: -0.0347
[2026-04-28 20:53:10] TSPTrainer.py(321) : [PHASE 1_bias] Epoch 3052 (in-phase 52/60) score=7.7899 loss=-0.0347 Elapsed[14.12h] Remain[-2.30m]
[2026-04-28 20:53:11] TSPTrainer.py(306) : =================================================================
[2026-04-28 21:07:22] TSPTrainer.py(397) : Epoch 3053: Train (100%)  Score: 7.7900,  Loss: -0.0346
[2026-04-28 21:07:22] TSPTrainer.py(321) : [PHASE 1_bias] Epoch 3053 (in-phase 53/60) score=7.7900 loss=-0.0346 Elapsed[14.36h] Remain[-2.05m]
[2026-04-28 21:07:22] TSPTrainer.py(306) : =================================================================
[2026-04-28 21:18:46] TSPTrainer.py(397) : Epoch 3054: Train (100%)  Score: 7.7885,  Loss: -0.0347
[2026-04-28 21:18:46] TSPTrainer.py(321) : [PHASE 1_bias] Epoch 3054 (in-phase 54/60) score=7.7885 loss=-0.0347 Elapsed[14.55h] Remain[-1.78m]
[2026-04-28 21:18:46] TSPTrainer.py(306) : =================================================================
[2026-04-28 21:30:15] TSPTrainer.py(397) : Epoch 3055: Train (100%)  Score: 7.7902,  Loss: -0.0347
[2026-04-28 21:30:15] TSPTrainer.py(321) : [PHASE 1_bias] Epoch 3055 (in-phase 55/60) score=7.7902 loss=-0.0347 Elapsed[14.74h] Remain[-1.50m]
[2026-04-28 21:30:15] TSPTrainer.py(306) : =================================================================
[2026-04-28 21:41:47] TSPTrainer.py(397) : Epoch 3056: Train (100%)  Score: 7.7898,  Loss: -0.0345
[2026-04-28 21:41:47] TSPTrainer.py(321) : [PHASE 1_bias] Epoch 3056 (in-phase 56/60) score=7.7898 loss=-0.0345 Elapsed[14.93h] Remain[-1.22m]
[2026-04-28 21:41:47] TSPTrainer.py(306) : =================================================================
[2026-04-28 21:53:14] TSPTrainer.py(397) : Epoch 3057: Train (100%)  Score: 7.7885,  Loss: -0.0347
[2026-04-28 21:53:14] TSPTrainer.py(321) : [PHASE 1_bias] Epoch 3057 (in-phase 57/60) score=7.7885 loss=-0.0347 Elapsed[15.12h] Remain[-0.93m]
[2026-04-28 21:53:14] TSPTrainer.py(306) : =================================================================
[2026-04-28 22:04:34] TSPTrainer.py(397) : Epoch 3058: Train (100%)  Score: 7.7898,  Loss: -0.0343
[2026-04-28 22:04:34] TSPTrainer.py(321) : [PHASE 1_bias] Epoch 3058 (in-phase 58/60) score=7.7898 loss=-0.0343 Elapsed[15.31h] Remain[-0.62m]
[2026-04-28 22:04:34] TSPTrainer.py(306) : =================================================================
[2026-04-28 22:16:19] TSPTrainer.py(397) : Epoch 3059: Train (100%)  Score: 7.7897,  Loss: -0.0343
[2026-04-28 22:16:19] TSPTrainer.py(321) : [PHASE 1_bias] Epoch 3059 (in-phase 59/60) score=7.7897 loss=-0.0343 Elapsed[15.51h] Remain[-0.32m]
[2026-04-28 22:16:19] TSPTrainer.py(306) : =================================================================
[2026-04-28 22:16:19] finetune_phased.py(391) : [PHASE 1_bias] bias warmup epoch 60/60 -> scale=1.0000 knn_v=1.0000
[2026-04-28 22:27:43] TSPTrainer.py(397) : Epoch 3060: Train (100%)  Score: 7.7889,  Loss: -0.0341
[2026-04-28 22:27:43] TSPTrainer.py(321) : [PHASE 1_bias] Epoch 3060 (in-phase 60/60) score=7.7889 loss=-0.0341 Elapsed[15.70h] Remain[-0.00m]
[2026-04-28 22:27:44] TSPTrainer.py(357) : [PHASE 1_bias] phase_best train_score=7.7884 saved to ./result/20260428_144545_phased_abl_bias_only_B400_bias_only/checkpoint-phase_1_bias_best.pt
[2026-04-28 22:27:44] TSPTrainer.py(268) : ==[PHASE 2_msc]== msc_enabled=False msc_fixed_ratios={'uniform': 0.4, 'clustered_uniform': 0.4, 'gaussian_mixture': 0.2} bias={'distance_bias_enabled': True, 'distance_bias_scale': 1.0, 'distance_bias_mode': 'logit', 'distance_norm_mode': 'mean', 'knn_bias_enabled': True, 'knn_k': 30, 'knn_bias_value': 1.0} leader=None lr=[1e-05] grad_clip=1.0
[2026-04-28 22:27:44] TSPTrainer.py(292) : [PHASE 2_msc] running epochs 3061..3260 (count=200)
[2026-04-28 22:27:44] TSPTrainer.py(306) : =================================================================
[2026-04-28 22:27:44] TSPTrainer.py(392) : Epoch 3061: Train  64/100000(0.1%)  Score: 7.7514,  Loss: -0.0417
[2026-04-28 22:27:45] TSPTrainer.py(392) : Epoch 3061: Train 128/100000(0.1%)  Score: 7.7797,  Loss: -0.0397
[2026-04-28 22:27:45] TSPTrainer.py(392) : Epoch 3061: Train 192/100000(0.2%)  Score: 7.7970,  Loss: -0.0409
[2026-04-28 22:27:46] TSPTrainer.py(392) : Epoch 3061: Train 256/100000(0.3%)  Score: 7.7908,  Loss: -0.0398
[2026-04-28 22:27:46] TSPTrainer.py(392) : Epoch 3061: Train 320/100000(0.3%)  Score: 7.7890,  Loss: -0.0396
[2026-04-28 22:27:46] TSPTrainer.py(392) : Epoch 3061: Train 384/100000(0.4%)  Score: 7.7801,  Loss: -0.0372
[2026-04-28 22:27:47] TSPTrainer.py(392) : Epoch 3061: Train 448/100000(0.4%)  Score: 7.7834,  Loss: -0.0350
[2026-04-28 22:27:47] TSPTrainer.py(392) : Epoch 3061: Train 512/100000(0.5%)  Score: 7.7855,  Loss: -0.0341
[2026-04-28 22:27:48] TSPTrainer.py(392) : Epoch 3061: Train 576/100000(0.6%)  Score: 7.7909,  Loss: -0.0357
[2026-04-28 22:27:48] TSPTrainer.py(392) : Epoch 3061: Train 640/100000(0.6%)  Score: 7.7916,  Loss: -0.0348
[2026-04-28 22:39:08] TSPTrainer.py(397) : Epoch 3061: Train (100%)  Score: 7.7908,  Loss: -0.0340
[2026-04-28 22:39:08] TSPTrainer.py(321) : [PHASE 2_msc] Epoch 3061 (in-phase 1/200) score=7.7908 loss=-0.0340 Elapsed[11.41m] Remain[-0.74m]
[2026-04-28 22:39:08] TSPTrainer.py(306) : =================================================================
[2026-04-28 22:50:43] TSPTrainer.py(397) : Epoch 3062: Train (100%)  Score: 7.7895,  Loss: -0.0343
[2026-04-28 22:50:43] TSPTrainer.py(321) : [PHASE 2_msc] Epoch 3062 (in-phase 2/200) score=7.7895 loss=-0.0343 Elapsed[22.98m] Remain[-1.49m]
[2026-04-28 22:50:43] TSPTrainer.py(306) : =================================================================
[2026-04-28 23:02:11] TSPTrainer.py(397) : Epoch 3063: Train (100%)  Score: 7.7893,  Loss: -0.0344
[2026-04-28 23:02:11] TSPTrainer.py(321) : [PHASE 2_msc] Epoch 3063 (in-phase 3/200) score=7.7893 loss=-0.0344 Elapsed[34.45m] Remain[-2.22m]
[2026-04-28 23:02:11] TSPTrainer.py(306) : =================================================================
[2026-04-28 23:13:31] TSPTrainer.py(397) : Epoch 3064: Train (100%)  Score: 7.7883,  Loss: -0.0341
[2026-04-28 23:13:31] TSPTrainer.py(321) : [PHASE 2_msc] Epoch 3064 (in-phase 4/200) score=7.7883 loss=-0.0341 Elapsed[45.79m] Remain[-2.94m]
[2026-04-28 23:13:31] TSPTrainer.py(306) : =================================================================
[2026-04-28 23:25:15] TSPTrainer.py(397) : Epoch 3065: Train (100%)  Score: 7.7886,  Loss: -0.0340
[2026-04-28 23:25:15] TSPTrainer.py(321) : [PHASE 2_msc] Epoch 3065 (in-phase 5/200) score=7.7886 loss=-0.0340 Elapsed[57.52m] Remain[-3.67m]
[2026-04-28 23:25:15] TSPTrainer.py(306) : =================================================================
[2026-04-28 23:36:36] TSPTrainer.py(397) : Epoch 3066: Train (100%)  Score: 7.7894,  Loss: -0.0339
[2026-04-28 23:36:36] TSPTrainer.py(321) : [PHASE 2_msc] Epoch 3066 (in-phase 6/200) score=7.7894 loss=-0.0339 Elapsed[1.15h] Remain[-4.37m]
[2026-04-28 23:36:36] TSPTrainer.py(306) : =================================================================
[2026-04-28 23:47:55] TSPTrainer.py(397) : Epoch 3067: Train (100%)  Score: 7.7902,  Loss: -0.0343
[2026-04-28 23:47:55] TSPTrainer.py(321) : [PHASE 2_msc] Epoch 3067 (in-phase 7/200) score=7.7902 loss=-0.0343 Elapsed[1.34h] Remain[-5.07m]
[2026-04-28 23:47:55] TSPTrainer.py(306) : =================================================================
[2026-04-28 23:59:14] TSPTrainer.py(397) : Epoch 3068: Train (100%)  Score: 7.7887,  Loss: -0.0342
[2026-04-28 23:59:14] TSPTrainer.py(321) : [PHASE 2_msc] Epoch 3068 (in-phase 8/200) score=7.7887 loss=-0.0342 Elapsed[1.53h] Remain[-5.76m]
[2026-04-28 23:59:14] TSPTrainer.py(306) : =================================================================
[2026-04-29 00:10:39] TSPTrainer.py(397) : Epoch 3069: Train (100%)  Score: 7.7881,  Loss: -0.0339
[2026-04-29 00:10:39] TSPTrainer.py(321) : [PHASE 2_msc] Epoch 3069 (in-phase 9/200) score=7.7881 loss=-0.0339 Elapsed[1.72h] Remain[-6.44m]
[2026-04-29 00:10:39] TSPTrainer.py(306) : =================================================================
[2026-04-29 00:22:01] TSPTrainer.py(397) : Epoch 3070: Train (100%)  Score: 7.7886,  Loss: -0.0338
[2026-04-29 00:22:01] TSPTrainer.py(321) : [PHASE 2_msc] Epoch 3070 (in-phase 10/200) score=7.7886 loss=-0.0338 Elapsed[1.90h] Remain[-7.12m]
[2026-04-29 00:22:01] TSPTrainer.py(306) : =================================================================
[2026-04-29 00:33:20] TSPTrainer.py(397) : Epoch 3071: Train (100%)  Score: 7.7897,  Loss: -0.0343
[2026-04-29 00:33:20] TSPTrainer.py(321) : [PHASE 2_msc] Epoch 3071 (in-phase 11/200) score=7.7897 loss=-0.0343 Elapsed[2.09h] Remain[-7.79m]
[2026-04-29 00:33:20] TSPTrainer.py(306) : =================================================================
[2026-04-29 00:44:42] TSPTrainer.py(397) : Epoch 3072: Train (100%)  Score: 7.7880,  Loss: -0.0343
[2026-04-29 00:44:42] TSPTrainer.py(321) : [PHASE 2_msc] Epoch 3072 (in-phase 12/200) score=7.7880 loss=-0.0343 Elapsed[2.28h] Remain[-8.45m]
[2026-04-29 00:44:42] TSPTrainer.py(306) : =================================================================
[2026-04-29 00:56:21] TSPTrainer.py(397) : Epoch 3073: Train (100%)  Score: 7.7890,  Loss: -0.0340
[2026-04-29 00:56:21] TSPTrainer.py(321) : [PHASE 2_msc] Epoch 3073 (in-phase 13/200) score=7.7890 loss=-0.0340 Elapsed[2.48h] Remain[-9.12m]
[2026-04-29 00:56:21] TSPTrainer.py(306) : =================================================================
[2026-04-29 01:08:08] TSPTrainer.py(397) : Epoch 3074: Train (100%)  Score: 7.7889,  Loss: -0.0343
[2026-04-29 01:08:08] TSPTrainer.py(321) : [PHASE 2_msc] Epoch 3074 (in-phase 14/200) score=7.7889 loss=-0.0343 Elapsed[2.67h] Remain[-9.79m]
[2026-04-29 01:08:08] TSPTrainer.py(306) : =================================================================
[2026-04-29 01:19:51] TSPTrainer.py(397) : Epoch 3075: Train (100%)  Score: 7.7894,  Loss: -0.0341
[2026-04-29 01:19:51] TSPTrainer.py(321) : [PHASE 2_msc] Epoch 3075 (in-phase 15/200) score=7.7894 loss=-0.0341 Elapsed[2.87h] Remain[-10.46m]
[2026-04-29 01:19:51] TSPTrainer.py(306) : =================================================================
[2026-04-29 01:31:33] TSPTrainer.py(397) : Epoch 3076: Train (100%)  Score: 7.7898,  Loss: -0.0339
[2026-04-29 01:31:33] TSPTrainer.py(321) : [PHASE 2_msc] Epoch 3076 (in-phase 16/200) score=7.7898 loss=-0.0339 Elapsed[3.06h] Remain[-11.11m]
[2026-04-29 01:31:33] TSPTrainer.py(306) : =================================================================
[2026-04-29 01:43:08] TSPTrainer.py(397) : Epoch 3077: Train (100%)  Score: 7.7895,  Loss: -0.0340
[2026-04-29 01:43:08] TSPTrainer.py(321) : [PHASE 2_msc] Epoch 3077 (in-phase 17/200) score=7.7895 loss=-0.0340 Elapsed[3.26h] Remain[-11.75m]
[2026-04-29 01:43:08] TSPTrainer.py(306) : =================================================================
[2026-04-29 01:54:42] TSPTrainer.py(397) : Epoch 3078: Train (100%)  Score: 7.7877,  Loss: -0.0342
[2026-04-29 01:54:42] TSPTrainer.py(321) : [PHASE 2_msc] Epoch 3078 (in-phase 18/200) score=7.7877 loss=-0.0342 Elapsed[3.45h] Remain[-12.38m]
[2026-04-29 01:54:42] TSPTrainer.py(306) : =================================================================
[2026-04-29 02:06:25] TSPTrainer.py(397) : Epoch 3079: Train (100%)  Score: 7.7900,  Loss: -0.0344
[2026-04-29 02:06:25] TSPTrainer.py(321) : [PHASE 2_msc] Epoch 3079 (in-phase 19/200) score=7.7900 loss=-0.0344 Elapsed[3.64h] Remain[-13.02m]
[2026-04-29 02:06:25] TSPTrainer.py(306) : =================================================================
[2026-04-29 02:17:55] TSPTrainer.py(397) : Epoch 3080: Train (100%)  Score: 7.7897,  Loss: -0.0345
[2026-04-29 02:17:55] TSPTrainer.py(321) : [PHASE 2_msc] Epoch 3080 (in-phase 20/200) score=7.7897 loss=-0.0345 Elapsed[3.84h] Remain[-13.63m]
[2026-04-29 02:17:55] TSPTrainer.py(306) : =================================================================
[2026-04-29 02:29:31] TSPTrainer.py(397) : Epoch 3081: Train (100%)  Score: 7.7897,  Loss: -0.0340
[2026-04-29 02:29:31] TSPTrainer.py(321) : [PHASE 2_msc] Epoch 3081 (in-phase 21/200) score=7.7897 loss=-0.0340 Elapsed[4.03h] Remain[-14.24m]
[2026-04-29 02:29:31] TSPTrainer.py(306) : =================================================================
[2026-04-29 02:41:12] TSPTrainer.py(397) : Epoch 3082: Train (100%)  Score: 7.7890,  Loss: -0.0342
[2026-04-29 02:41:12] TSPTrainer.py(321) : [PHASE 2_msc] Epoch 3082 (in-phase 22/200) score=7.7890 loss=-0.0342 Elapsed[4.22h] Remain[-14.85m]
[2026-04-29 02:41:12] TSPTrainer.py(306) : =================================================================
[2026-04-29 02:52:54] TSPTrainer.py(397) : Epoch 3083: Train (100%)  Score: 7.7897,  Loss: -0.0343
[2026-04-29 02:52:54] TSPTrainer.py(321) : [PHASE 2_msc] Epoch 3083 (in-phase 23/200) score=7.7897 loss=-0.0343 Elapsed[4.42h] Remain[-15.45m]
[2026-04-29 02:52:55] TSPTrainer.py(306) : =================================================================
[2026-04-29 03:04:36] TSPTrainer.py(397) : Epoch 3084: Train (100%)  Score: 7.7900,  Loss: -0.0341
[2026-04-29 03:04:36] TSPTrainer.py(321) : [PHASE 2_msc] Epoch 3084 (in-phase 24/200) score=7.7900 loss=-0.0341 Elapsed[4.61h] Remain[-16.05m]
[2026-04-29 03:04:36] TSPTrainer.py(306) : =================================================================
[2026-04-29 03:16:17] TSPTrainer.py(397) : Epoch 3085: Train (100%)  Score: 7.7884,  Loss: -0.0344
[2026-04-29 03:16:17] TSPTrainer.py(321) : [PHASE 2_msc] Epoch 3085 (in-phase 25/200) score=7.7884 loss=-0.0344 Elapsed[4.81h] Remain[-16.64m]
[2026-04-29 03:16:17] TSPTrainer.py(306) : =================================================================
[2026-04-29 03:27:51] TSPTrainer.py(397) : Epoch 3086: Train (100%)  Score: 7.7882,  Loss: -0.0345
[2026-04-29 03:27:51] TSPTrainer.py(321) : [PHASE 2_msc] Epoch 3086 (in-phase 26/200) score=7.7882 loss=-0.0345 Elapsed[5.00h] Remain[-17.21m]
[2026-04-29 03:27:51] TSPTrainer.py(306) : =================================================================
[2026-04-29 03:40:19] TSPTrainer.py(397) : Epoch 3087: Train (100%)  Score: 7.7885,  Loss: -0.0343
[2026-04-29 03:40:19] TSPTrainer.py(321) : [PHASE 2_msc] Epoch 3087 (in-phase 27/200) score=7.7885 loss=-0.0343 Elapsed[5.21h] Remain[-17.83m]
[2026-04-29 03:40:19] TSPTrainer.py(306) : =================================================================
[2026-04-29 04:00:51] TSPTrainer.py(397) : Epoch 3088: Train (100%)  Score: 7.7892,  Loss: -0.0340
[2026-04-29 04:00:51] TSPTrainer.py(321) : [PHASE 2_msc] Epoch 3088 (in-phase 28/200) score=7.7892 loss=-0.0340 Elapsed[5.55h] Remain[-18.90m]
[2026-04-29 04:00:51] TSPTrainer.py(306) : =================================================================
[2026-04-29 04:22:45] TSPTrainer.py(397) : Epoch 3089: Train (100%)  Score: 7.7891,  Loss: -0.0340
[2026-04-29 04:22:45] TSPTrainer.py(321) : [PHASE 2_msc] Epoch 3089 (in-phase 29/200) score=7.7891 loss=-0.0340 Elapsed[5.92h] Remain[-20.03m]
[2026-04-29 04:22:45] TSPTrainer.py(306) : =================================================================
[2026-04-29 04:35:35] TSPTrainer.py(397) : Epoch 3090: Train (100%)  Score: 7.7882,  Loss: -0.0342
[2026-04-29 04:35:35] TSPTrainer.py(321) : [PHASE 2_msc] Epoch 3090 (in-phase 30/200) score=7.7882 loss=-0.0342 Elapsed[6.13h] Remain[-20.64m]
[2026-04-29 04:35:35] TSPTrainer.py(306) : =================================================================
[2026-04-29 04:46:58] TSPTrainer.py(397) : Epoch 3091: Train (100%)  Score: 7.7891,  Loss: -0.0343
[2026-04-29 04:46:58] TSPTrainer.py(321) : [PHASE 2_msc] Epoch 3091 (in-phase 31/200) score=7.7891 loss=-0.0343 Elapsed[6.32h] Remain[-21.16m]
[2026-04-29 04:46:58] TSPTrainer.py(306) : =================================================================
[2026-04-29 04:58:42] TSPTrainer.py(397) : Epoch 3092: Train (100%)  Score: 7.7888,  Loss: -0.0340
[2026-04-29 04:58:42] TSPTrainer.py(321) : [PHASE 2_msc] Epoch 3092 (in-phase 32/200) score=7.7888 loss=-0.0340 Elapsed[6.52h] Remain[-21.69m]
[2026-04-29 04:58:42] TSPTrainer.py(306) : =================================================================
[2026-04-29 05:10:22] TSPTrainer.py(397) : Epoch 3093: Train (100%)  Score: 7.7897,  Loss: -0.0341
[2026-04-29 05:10:22] TSPTrainer.py(321) : [PHASE 2_msc] Epoch 3093 (in-phase 33/200) score=7.7897 loss=-0.0341 Elapsed[6.71h] Remain[-22.21m]
[2026-04-29 05:10:22] TSPTrainer.py(306) : =================================================================
[2026-04-29 05:22:05] TSPTrainer.py(397) : Epoch 3094: Train (100%)  Score: 7.7884,  Loss: -0.0339
[2026-04-29 05:22:05] TSPTrainer.py(321) : [PHASE 2_msc] Epoch 3094 (in-phase 34/200) score=7.7884 loss=-0.0339 Elapsed[6.91h] Remain[-22.73m]
[2026-04-29 05:22:05] TSPTrainer.py(306) : =================================================================
[2026-04-29 05:33:36] TSPTrainer.py(397) : Epoch 3095: Train (100%)  Score: 7.7877,  Loss: -0.0340
[2026-04-29 05:33:36] TSPTrainer.py(321) : [PHASE 2_msc] Epoch 3095 (in-phase 35/200) score=7.7877 loss=-0.0340 Elapsed[7.10h] Remain[-23.23m]
[2026-04-29 05:33:36] TSPTrainer.py(306) : =================================================================
[2026-04-29 05:45:19] TSPTrainer.py(397) : Epoch 3096: Train (100%)  Score: 7.7890,  Loss: -0.0342
[2026-04-29 05:45:19] TSPTrainer.py(321) : [PHASE 2_msc] Epoch 3096 (in-phase 36/200) score=7.7890 loss=-0.0342 Elapsed[7.29h] Remain[-23.73m]
[2026-04-29 05:45:19] TSPTrainer.py(306) : =================================================================
[2026-04-29 05:57:00] TSPTrainer.py(397) : Epoch 3097: Train (100%)  Score: 7.7893,  Loss: -0.0345
[2026-04-29 05:57:00] TSPTrainer.py(321) : [PHASE 2_msc] Epoch 3097 (in-phase 37/200) score=7.7893 loss=-0.0345 Elapsed[7.49h] Remain[-24.22m]
[2026-04-29 05:57:00] TSPTrainer.py(306) : =================================================================
[2026-04-29 06:08:41] TSPTrainer.py(397) : Epoch 3098: Train (100%)  Score: 7.7895,  Loss: -0.0341
[2026-04-29 06:08:41] TSPTrainer.py(321) : [PHASE 2_msc] Epoch 3098 (in-phase 38/200) score=7.7895 loss=-0.0341 Elapsed[7.68h] Remain[-24.71m]
[2026-04-29 06:08:41] TSPTrainer.py(306) : =================================================================
[2026-04-29 06:20:25] TSPTrainer.py(397) : Epoch 3099: Train (100%)  Score: 7.7891,  Loss: -0.0342
[2026-04-29 06:20:25] TSPTrainer.py(321) : [PHASE 2_msc] Epoch 3099 (in-phase 39/200) score=7.7891 loss=-0.0342 Elapsed[7.88h] Remain[-25.19m]
[2026-04-29 06:20:25] TSPTrainer.py(306) : =================================================================
[2026-04-29 06:32:07] TSPTrainer.py(397) : Epoch 3100: Train (100%)  Score: 7.7898,  Loss: -0.0339
[2026-04-29 06:32:07] TSPTrainer.py(321) : [PHASE 2_msc] Epoch 3100 (in-phase 40/200) score=7.7898 loss=-0.0339 Elapsed[8.07h] Remain[-25.66m]
[2026-04-29 06:32:07] TSPTrainer.py(306) : =================================================================
[2026-04-29 06:43:47] TSPTrainer.py(397) : Epoch 3101: Train (100%)  Score: 7.7894,  Loss: -0.0344
[2026-04-29 06:43:47] TSPTrainer.py(321) : [PHASE 2_msc] Epoch 3101 (in-phase 41/200) score=7.7894 loss=-0.0344 Elapsed[8.27h] Remain[-26.13m]
[2026-04-29 06:43:47] TSPTrainer.py(306) : =================================================================
[2026-04-29 06:55:20] TSPTrainer.py(397) : Epoch 3102: Train (100%)  Score: 7.7905,  Loss: -0.0344
[2026-04-29 06:55:20] TSPTrainer.py(321) : [PHASE 2_msc] Epoch 3102 (in-phase 42/200) score=7.7905 loss=-0.0344 Elapsed[8.46h] Remain[-26.57m]
[2026-04-29 06:55:20] TSPTrainer.py(306) : =================================================================
[2026-04-29 07:06:47] TSPTrainer.py(397) : Epoch 3103: Train (100%)  Score: 7.7908,  Loss: -0.0342
[2026-04-29 07:06:47] TSPTrainer.py(321) : [PHASE 2_msc] Epoch 3103 (in-phase 43/200) score=7.7908 loss=-0.0342 Elapsed[8.65h] Remain[-27.01m]
[2026-04-29 07:06:47] TSPTrainer.py(306) : =================================================================
[2026-04-29 07:18:30] TSPTrainer.py(397) : Epoch 3104: Train (100%)  Score: 7.7880,  Loss: -0.0344
[2026-04-29 07:18:30] TSPTrainer.py(321) : [PHASE 2_msc] Epoch 3104 (in-phase 44/200) score=7.7880 loss=-0.0344 Elapsed[8.85h] Remain[-27.45m]
[2026-04-29 07:18:31] TSPTrainer.py(306) : =================================================================
[2026-04-29 07:30:13] TSPTrainer.py(397) : Epoch 3105: Train (100%)  Score: 7.7895,  Loss: -0.0346
[2026-04-29 07:30:13] TSPTrainer.py(321) : [PHASE 2_msc] Epoch 3105 (in-phase 45/200) score=7.7895 loss=-0.0346 Elapsed[9.04h] Remain[-27.89m]
[2026-04-29 07:30:13] TSPTrainer.py(306) : =================================================================
[2026-04-29 07:41:46] TSPTrainer.py(397) : Epoch 3106: Train (100%)  Score: 7.7882,  Loss: -0.0345
[2026-04-29 07:41:46] TSPTrainer.py(321) : [PHASE 2_msc] Epoch 3106 (in-phase 46/200) score=7.7882 loss=-0.0345 Elapsed[9.23h] Remain[-28.31m]
[2026-04-29 07:41:46] TSPTrainer.py(306) : =================================================================
Traceback (most recent call last):
  File "/home/zhaorj/Code/SDM-5031-2026-Spring/TSP/POMO/finetune_phased.py", line 589, in <module>
    main()
  File "/home/zhaorj/Code/SDM-5031-2026-Spring/TSP/POMO/finetune_phased.py", line 564, in main
    summaries.append(trainer.run_phase(n2, phase_name='2_msc'))
  File "/home/zhaorj/Code/SDM-5031-2026-Spring/TSP/POMO/TSPTrainer.py", line 316, in run_phase
    train_score, train_loss = self._train_one_epoch(epoch)
  File "/home/zhaorj/Code/SDM-5031-2026-Spring/TSP/POMO/TSPTrainer.py", line 382, in _train_one_epoch
    avg_score, avg_loss = self._train_one_batch(batch_size, epoch=epoch)
  File "/home/zhaorj/Code/SDM-5031-2026-Spring/TSP/POMO/TSPTrainer.py", line 458, in _train_one_batch
    loss_mean.backward()
  File "/opt/conda/envs/drl_tsp/lib/python3.10/site-packages/torch/_tensor.py", line 631, in backward
    torch.autograd.backward(
  File "/opt/conda/envs/drl_tsp/lib/python3.10/site-packages/torch/autograd/__init__.py", line 381, in backward
    _engine_run_backward(
  File "/opt/conda/envs/drl_tsp/lib/python3.10/site-packages/torch/autograd/graph.py", line 869, in _engine_run_backward
    return Variable._execution_engine.run_backward(  # Calls into the C++ engine to run the backward pass
torch.AcceleratorError: CUDA error: unspecified launch failure
Search for `cudaErrorLaunchFailure' in https://docs.nvidia.com/cuda/cuda-runtime-api/group__CUDART__TYPES.html for more information.
CUDA kernel errors might be asynchronously reported at some other API call, so the stacktrace below might be incorrect.
For debugging consider passing CUDA_LAUNCH_BLOCKING=1
Compile with `TORCH_USE_CUDA_DSA` to enable device-side assertions.

