[2026-04-28 06:32:59] finetune_phased.py(530) : ==[FINETUNE-PHASED]== ablation=msc_only B=400 -> phases=(60,200,140)
[2026-04-28 06:32:59] finetune_phased.py(532) : Resume checkpoint: /home/zhaorj/Code/SDM-5031-2026-Spring/TSP/POMO/result/saved_tsp100_model2_longTrain/checkpoint-3000.pt
[2026-04-28 06:32:59] finetune_phased.py(533) : HParams: bias=False knn_k=30 knn_v=1.000 scale=1.000 norm=mean
[2026-04-28 06:32:59] finetune_phased.py(536) : HParams: msc=True leader=False leader_mode=bonus_adv alpha=20.00->40.00 rampup=0.20
[2026-04-28 06:32:59] finetune_phased.py(539) : HParams: backbone_lr=1.00e-05 new_module_lr=3.00e-05 (info-only) phase3_lr=5.00e-05 -> 5.00e-06
/opt/conda/envs/drl_tsp/lib/python3.10/site-packages/torch/__init__.py:1323: UserWarning: torch.set_default_tensor_type() is deprecated as of PyTorch 2.1, please use torch.set_default_dtype() and torch.set_default_device() as alternatives. (Triggered internally at /pytorch/torch/csrc/tensor/python_tensor.cpp:434.)
  _C._set_default_tensor_type(t)
[2026-04-28 06:33:02] TSPTrainer.py(73) : Finetune from checkpoint: /home/zhaorj/Code/SDM-5031-2026-Spring/TSP/POMO/result/saved_tsp100_model2_longTrain/checkpoint-3000.pt
[2026-04-28 06:33:02] TSPTrainer.py(86) : finetune_continue_epoch_counter=True: start_epoch=3001
[2026-04-28 06:33:02] TSPTrainer.py(118) : MSC enabled: use_curriculum=True stage_boundaries=[0.3, 0.7]
[2026-04-28 06:33:02] TSPTrainer.py(268) : ==[PHASE 1_bias]== msc_enabled=True msc_fixed_ratios={'uniform': 0.6, 'clustered_uniform': 0.3, 'gaussian_mixture': 0.1} bias=None leader=None lr=[1e-05] grad_clip=1.0
[2026-04-28 06:33:02] TSPTrainer.py(292) : [PHASE 1_bias] running epochs 3001..3060 (count=60)
[2026-04-28 06:33:02] TSPTrainer.py(306) : =================================================================
/home/zhaorj/Code/SDM-5031-2026-Spring/TSP/POMO/TSPTrainer.py:308: UserWarning: Detected call of `lr_scheduler.step()` before `optimizer.step()`. In PyTorch 1.1.0 and later, you should call them in the opposite order: `optimizer.step()` before `lr_scheduler.step()`.  Failure to do this will result in PyTorch skipping the first value of the learning rate schedule. See more details at https://pytorch.org/docs/stable/optim.html#how-to-adjust-learning-rate
  self.scheduler.step()
[2026-04-28 06:33:02] TSProblemDef.py(428) : [MSC] batch_no=1 epoch=3001/3060 stage=None ratios={uniform=0.60, clustered_uniform=0.30, gaussian_mixture=0.10} counts={uniform=39, clustered_uniform=19, gaussian_mixture=6} bs=64 enabled=True
[2026-04-28 06:33:03] TSPTrainer.py(392) : Epoch 3001: Train  64/100000(0.1%)  Score: 6.9409,  Loss: -0.5091
[2026-04-28 06:33:03] TSPTrainer.py(392) : Epoch 3001: Train 128/100000(0.1%)  Score: 6.9328,  Loss: -0.5277
[2026-04-28 06:33:04] TSPTrainer.py(392) : Epoch 3001: Train 192/100000(0.2%)  Score: 6.9234,  Loss: -0.4797
[2026-04-28 06:33:05] TSPTrainer.py(392) : Epoch 3001: Train 256/100000(0.3%)  Score: 6.9308,  Loss: -0.4809
[2026-04-28 06:33:05] TSPTrainer.py(392) : Epoch 3001: Train 320/100000(0.3%)  Score: 6.9212,  Loss: -0.5466
[2026-04-28 06:33:06] TSPTrainer.py(392) : Epoch 3001: Train 384/100000(0.4%)  Score: 6.9087,  Loss: -0.5295
[2026-04-28 06:33:07] TSPTrainer.py(392) : Epoch 3001: Train 448/100000(0.4%)  Score: 6.9142,  Loss: -0.5374
[2026-04-28 06:33:07] TSPTrainer.py(392) : Epoch 3001: Train 512/100000(0.5%)  Score: 6.9161,  Loss: -0.5445
[2026-04-28 06:33:08] TSPTrainer.py(392) : Epoch 3001: Train 576/100000(0.6%)  Score: 6.9187,  Loss: -0.5365
[2026-04-28 06:33:09] TSPTrainer.py(392) : Epoch 3001: Train 640/100000(0.6%)  Score: 6.9291,  Loss: -0.5272
[2026-04-28 06:35:12] TSProblemDef.py(428) : [MSC] batch_no=200 epoch=3001/3060 stage=None ratios={uniform=0.60, clustered_uniform=0.30, gaussian_mixture=0.10} counts={uniform=39, clustered_uniform=19, gaussian_mixture=6} bs=64 enabled=True
[2026-04-28 06:37:23] TSProblemDef.py(428) : [MSC] batch_no=400 epoch=3001/3060 stage=None ratios={uniform=0.60, clustered_uniform=0.30, gaussian_mixture=0.10} counts={uniform=39, clustered_uniform=19, gaussian_mixture=6} bs=64 enabled=True
[2026-04-28 06:39:33] TSProblemDef.py(428) : [MSC] batch_no=600 epoch=3001/3060 stage=None ratios={uniform=0.60, clustered_uniform=0.30, gaussian_mixture=0.10} counts={uniform=39, clustered_uniform=19, gaussian_mixture=6} bs=64 enabled=True
[2026-04-28 06:41:43] TSProblemDef.py(428) : [MSC] batch_no=800 epoch=3001/3060 stage=None ratios={uniform=0.60, clustered_uniform=0.30, gaussian_mixture=0.10} counts={uniform=39, clustered_uniform=19, gaussian_mixture=6} bs=64 enabled=True
[2026-04-28 06:43:55] TSProblemDef.py(428) : [MSC] batch_no=1000 epoch=3001/3060 stage=None ratios={uniform=0.60, clustered_uniform=0.30, gaussian_mixture=0.10} counts={uniform=39, clustered_uniform=19, gaussian_mixture=6} bs=64 enabled=True
Traceback (most recent call last):
  File "/home/zhaorj/Code/SDM-5031-2026-Spring/TSP/POMO/finetune_phased.py", line 589, in <module>
    main()
  File "/home/zhaorj/Code/SDM-5031-2026-Spring/TSP/POMO/finetune_phased.py", line 557, in main
    summaries.append(trainer.run_phase(n1, phase_name='1_bias', epoch_callback=cb1))
  File "/home/zhaorj/Code/SDM-5031-2026-Spring/TSP/POMO/TSPTrainer.py", line 316, in run_phase
    train_score, train_loss = self._train_one_epoch(epoch)
  File "/home/zhaorj/Code/SDM-5031-2026-Spring/TSP/POMO/TSPTrainer.py", line 382, in _train_one_epoch
    avg_score, avg_loss = self._train_one_batch(batch_size, epoch=epoch)
  File "/home/zhaorj/Code/SDM-5031-2026-Spring/TSP/POMO/TSPTrainer.py", line 458, in _train_one_batch
    loss_mean.backward()
  File "/opt/conda/envs/drl_tsp/lib/python3.10/site-packages/torch/_tensor.py", line 631, in backward
    torch.autograd.backward(
  File "/opt/conda/envs/drl_tsp/lib/python3.10/site-packages/torch/autograd/__init__.py", line 381, in backward
    _engine_run_backward(
  File "/opt/conda/envs/drl_tsp/lib/python3.10/site-packages/torch/autograd/graph.py", line 869, in _engine_run_backward
    return Variable._execution_engine.run_backward(  # Calls into the C++ engine to run the backward pass
KeyboardInterrupt
